<?xml version="1.0" encoding="UTF-8"?>
<!-- Generated by org.testng.reporters.JUnitXMLReporter -->
<testsuite ignored="0" hostname="DESKTOP-CSC7RQF" failures="5" tests="78" name="Test" time="3314.95" errors="0" timestamp="2025-09-11T12:15:06 IST">
  <testcase classname="Create_Store.AlphaNumerics_ComfirmPINTest" name="alphaNumeric" time="46.69"/>
  <testcase classname="Create_Store.Duplicate_SubDomainTest" name="duplicate" time="55.285"/>
  <testcase classname="Create_Store.AlphaNumarics_NewPINTest" name="alphaNumarics" time="37.47"/>
  <testcase classname="Create_Store.StartWithZero_NumberTest" name="startWithZero" time="17.592"/>
  <testcase classname="Create_Store.Valid_NumberTest" name="valid" time="19.123"/>
  <testcase classname="Create_Store.Empty_BusinessTypeTest" name="alphaNumeric" time="50.272"/>
  <testcase classname="Create_Store.SpecialCharacters_BusinessTypeTest" name="specialCharacters" time="48.327"/>
  <testcase classname="Create_Store.Alphanumeric_BusinessTypeTest" name="alphaNumeric" time="45.079"/>
  <testcase classname="Create_Store.MoreThanTen_NumberTest" name="moreThanTen" time="20.263"/>
  <testcase classname="Create_Store.checkxl" name="test" time="0.002"/>
  <testcase classname="Create_Store.checkxl" name="test" time="0.001"/>
  <testcase classname="Create_Store.checkxl" name="test" time="0.001"/>
  <testcase classname="Create_Store.checkxl" name="test" time="0.004"/>
  <testcase classname="Create_Store.checkxl" name="test" time="0.006"/>
  <testcase classname="Create_Store.checkxl" name="test" time="0.003"/>
  <testcase classname="Create_Store.checkxl" name="test" time="0.005"/>
  <testcase classname="Create_Store.checkxl" name="test" time="0.002"/>
  <testcase classname="Create_Store.checkxl" name="test" time="0.001"/>
  <testcase classname="Create_Store.checkxl" name="test" time="0.003"/>
  <testcase classname="Create_Store.checkxl" name="test" time="0.001"/>
  <testcase classname="Create_Store.checkxl" name="test" time="0.002"/>
  <testcase classname="Create_Store.checkxl" name="test" time="0.012"/>
  <testcase classname="Create_Store.checkxl" name="test" time="0.001"/>
  <testcase classname="Create_Store.checkxl" name="test" time="0.001"/>
  <testcase classname="Create_Store.checkxl" name="test" time="0.006"/>
  <testcase classname="Create_Store.checkxl" name="test" time="0.0"/>
  <testcase classname="Create_Store.checkxl" name="test" time="0.002"/>
  <testcase classname="Create_Store.checkxl" name="test" time="0.007"/>
  <testcase classname="Create_Store.checkxl" name="test" time="0.002"/>
  <testcase classname="Create_Store.LessThanThree_OwnerNameTest" name="lessThanThree" time="37.784"/>
  <testcase classname="Create_Store.Empty_SubDomainTest" name="empty" time="49.837"/>
  <testcase classname="Create_Store.Empty_OwnerNameTest" name="empty" time="40.128"/>
  <testcase classname="Create_Store.Numerics_BusinessTypeTest" name="numerics" time="47.186"/>
  <testcase classname="Create_Store.SpecialCharacters_OwnerNameTest" name="specialCharacters" time="39.137"/>
  <testcase classname="Create_Store.Empty_PINTest" name="empty" time="26.523"/>
  <testcase classname="Create_Store.Numeric_ReferalCodeTest" name="numeric" time="55.621"/>
  <testcase classname="Create_Store.Empty_MandatoryFieldsTest" name="empty" time="40.189"/>
  <testcase classname="Create_Store.LessThanThree_SubDomainTest" name="lessThanThree" time="68.436">
    <failure type="org.openqa.selenium.TimeoutException" message="Expected condition failed: waiting for presence of element located by: By.xpath: //android.widget.Toast[contains(@text,&amp;apos;Domain name must be between 5 and 30 characters.&amp;apos;)] (tried for 15 second(s) with 500 milliseconds interval)">
      <![CDATA[org.openqa.selenium.TimeoutException: Expected condition failed: waiting for presence of element located by: By.xpath: //android.widget.Toast[contains(@text,'Domain name must be between 5 and 30 characters.')] (tried for 15 second(s) with 500 milliseconds interval)
at org.openqa.selenium.support.ui.WebDriverWait.timeoutException(WebDriverWait.java:84)
at org.openqa.selenium.support.ui.FluentWait.until(FluentWait.java:228)
at Create_Store.LessThanThree_SubDomainTest.lessThanThree(LessThanThree_SubDomainTest.java:45)
at java.base/java.util.ArrayList.forEach(ArrayList.java:1596)
Caused by: org.openqa.selenium.NoSuchElementException: An element could not be located on the page using the given search parameters.
For documentation on this error, please visit: https://www.selenium.dev/documentation/webdriver/troubleshooting/errors#no-such-element-exception
Build info: version: '4.27.0', revision: 'd6e718d134'
System info: os.name: 'Windows 11', os.arch: 'amd64', os.version: '10.0', java.version: '21.0.7'
Driver info: io.appium.java_client.android.AndroidDriver
Command: [3ebdb6ef-a3bf-40fa-9912-e3aa32b8cc6a, findElement {using=xpath, value=//android.widget.Toast[contains(@text,'Domain name must be between 5 and 30 characters.')]}]
Capabilities {appium:appActivity: com.nextshopz.MainActivity, appium:appPackage: com.nextshopz, appium:automationName: UiAutomator2, appium:databaseEnabled: false, appium:desired: {appActivity: com.nextshopz.MainActivity, appPackage: com.nextshopz, automationName: UiAutomator2, deviceName: emulator-5556, platformName: ANDROID, platformVersion: 16, udid: emulator-5556}, appium:deviceApiLevel: 36, appium:deviceManufacturer: Google, appium:deviceModel: sdk_gphone64_x86_64, appium:deviceName: emulator-5556, appium:deviceScreenDensity: 420, appium:deviceScreenSize: 1080x2400, appium:deviceUDID: emulator-5556, appium:javascriptEnabled: true, appium:locationContextEnabled: false, appium:networkConnectionEnabled: true, appium:pixelRatio: 2.625, appium:platformVersion: 16, appium:statBarHeight: 63, appium:takesScreenshot: true, appium:udid: emulator-5556, appium:viewportRect: {height: 2337, left: 0, top: 63, width: 1080}, appium:warnings: {}, appium:webStorageEnabled: false, platformName: ANDROID}
Session ID: 3ebdb6ef-a3bf-40fa-9912-e3aa32b8cc6a
at org.openqa.selenium.remote.ErrorCodec.decode(ErrorCodec.java:167)
at org.openqa.selenium.remote.codec.w3c.W3CHttpResponseCodec.decode(W3CHttpResponseCodec.java:138)
at org.openqa.selenium.remote.codec.w3c.W3CHttpResponseCodec.decode(W3CHttpResponseCodec.java:50)
at org.openqa.selenium.remote.HttpCommandExecutor.execute(HttpCommandExecutor.java:190)
at io.appium.java_client.remote.AppiumCommandExecutor.execute(AppiumCommandExecutor.java:237)
at org.openqa.selenium.remote.RemoteWebDriver.execute(RemoteWebDriver.java:545)
at org.openqa.selenium.remote.ElementLocation$ElementFinder$2.findElement(ElementLocation.java:165)
at org.openqa.selenium.remote.ElementLocation.findElement(ElementLocation.java:59)
at org.openqa.selenium.remote.RemoteWebDriver.findElement(RemoteWebDriver.java:368)
at org.openqa.selenium.remote.RemoteWebDriver.findElement(RemoteWebDriver.java:362)
at org.openqa.selenium.support.ui.ExpectedConditions$6.apply(ExpectedConditions.java:171)
at org.openqa.selenium.support.ui.ExpectedConditions$6.apply(ExpectedConditions.java:168)
at org.openqa.selenium.support.ui.FluentWait.until(FluentWait.java:203)
... 27 more
... Removed 28 stack frames]]>
    </failure>
  </testcase> <!-- lessThanThree -->
  <testcase classname="Create_Store.MaxLimit_BusinessTypeTest" name="maxLimit" time="49.773"/>
  <testcase classname="Create_Store.SpecialCharacters_NumberTest" name="specialCharacters" time="17.644"/>
  <testcase classname="Create_Store.Valid_ConfirmPINTest" name="valid" time="33.616"/>
  <testcase classname="Create_Store.Valid_ReferalCodeTest" name="valid" time="67.391"/>
  <testcase classname="Create_Store.Valid_ReferalCodeTest" name="delete" time="34.494"/>
  <testcase classname="Create_Store.Empty_NumberTest" name="empty" time="17.679"/>
  <testcase classname="Create_Store.Valid_BusinessTypeTest" name="valid" time="43.081"/>
  <testcase classname="Create_Store.Valid_OwnerNameTest" name="valid" time="34.962"/>
  <testcase classname="Create_Store.LessThanTen_NumberTest" name="lessThanTen" time="16.307"/>
  <testcase classname="Create_Store.Alphabets_ReferalCodeTest" name="alphabets" time="55.783"/>
  <testcase classname="Create_Store.SpecialCharacters_NewPINTest" name="specialCharacters" time="34.486"/>
  <testcase classname="Create_Store.Numeric_OwnerNameTest" name="numeric" time="45.071"/>
  <testcase classname="Create_Store.AlphaNumerics_NumberTest" name="alphanumeric" time="16.131"/>
  <testcase classname="Create_Store.MoreThanFifty_OwnerNameTest" name="moreThanFifty" time="39.296"/>
  <testcase classname="Create_Store.SetPinTest" name="setPin" time="41.333"/>
  <testcase classname="Create_Store.Alphabets_ConfirmPINTest" name="Alphabets" time="40.99">
    <failure type="java.lang.AssertionError" message="❌ Field accepted alphabets! Value found: Enter 4 digit confirm PIN">
      <![CDATA[java.lang.AssertionError: ❌ Field accepted alphabets! Value found: Enter 4 digit confirm PIN
at Create_Store.Alphabets_ConfirmPINTest.Alphabets(Alphabets_ConfirmPINTest.java:50)
at java.base/java.util.ArrayList.forEach(ArrayList.java:1596)
... Removed 26 stack frames]]>
    </failure>
  </testcase> <!-- Alphabets -->
  <testcase classname="Create_Store.ProductSale_CreateStoreTest" name="product" time="64.906"/>
  <testcase classname="Create_Store.ProductSale_CreateStoreTest" name="delete" time="33.946"/>
  <testcase classname="Create_Store.Characters_NumberTest" name="characters" time="16.332"/>
  <testcase classname="Create_Store.Alphabets_NewPINTest" name="Alphabets" time="29.789"/>
  <testcase classname="Create_Store.AlhaNumerics_StoreNameTest" name="alphaNumerics" time="38.779"/>
  <testcase classname="Create_Store.Numarics_StoreNameTest" name="numarics" time="42.732"/>
  <testcase classname="Create_Store.Invalid_SubDomainTest" name="invalid" time="71.64">
    <failure type="org.openqa.selenium.TimeoutException" message="Expected condition failed: waiting for presence of element located by: By.xpath: //android.widget.Toast[contains(@text,&amp;apos;reserved word&amp;apos;) or contains(@text,&amp;apos;Invalid subdomain format&amp;apos;)] (tried for 15 second(s) with 500 milliseconds interval)">
      <![CDATA[org.openqa.selenium.TimeoutException: Expected condition failed: waiting for presence of element located by: By.xpath: //android.widget.Toast[contains(@text,'reserved word') or contains(@text,'Invalid subdomain format')] (tried for 15 second(s) with 500 milliseconds interval)
at org.openqa.selenium.support.ui.WebDriverWait.timeoutException(WebDriverWait.java:84)
at org.openqa.selenium.support.ui.FluentWait.until(FluentWait.java:228)
at Create_Store.Invalid_SubDomainTest.invalid(Invalid_SubDomainTest.java:57)
at java.base/java.util.ArrayList.forEach(ArrayList.java:1596)
Caused by: org.openqa.selenium.NoSuchElementException: An element could not be located on the page using the given search parameters.
For documentation on this error, please visit: https://www.selenium.dev/documentation/webdriver/troubleshooting/errors#no-such-element-exception
Build info: version: '4.27.0', revision: 'd6e718d134'
System info: os.name: 'Windows 11', os.arch: 'amd64', os.version: '10.0', java.version: '21.0.7'
Driver info: io.appium.java_client.android.AndroidDriver
Command: [d544cba9-42d6-4500-bc43-ed2a47c1c69b, findElement {using=xpath, value=//android.widget.Toast[contains(@text,'reserved word') or contains(@text,'Invalid subdomain format')]}]
Capabilities {appium:appActivity: com.nextshopz.MainActivity, appium:appPackage: com.nextshopz, appium:automationName: UiAutomator2, appium:databaseEnabled: false, appium:desired: {appActivity: com.nextshopz.MainActivity, appPackage: com.nextshopz, automationName: UiAutomator2, deviceName: emulator-5556, platformName: ANDROID, platformVersion: 16, udid: emulator-5556}, appium:deviceApiLevel: 36, appium:deviceManufacturer: Google, appium:deviceModel: sdk_gphone64_x86_64, appium:deviceName: emulator-5556, appium:deviceScreenDensity: 420, appium:deviceScreenSize: 1080x2400, appium:deviceUDID: emulator-5556, appium:javascriptEnabled: true, appium:locationContextEnabled: false, appium:networkConnectionEnabled: true, appium:pixelRatio: 2.625, appium:platformVersion: 16, appium:statBarHeight: 63, appium:takesScreenshot: true, appium:udid: emulator-5556, appium:viewportRect: {height: 2337, left: 0, top: 63, width: 1080}, appium:warnings: {}, appium:webStorageEnabled: false, platformName: ANDROID}
Session ID: d544cba9-42d6-4500-bc43-ed2a47c1c69b
at org.openqa.selenium.remote.ErrorCodec.decode(ErrorCodec.java:167)
at org.openqa.selenium.remote.codec.w3c.W3CHttpResponseCodec.decode(W3CHttpResponseCodec.java:138)
at org.openqa.selenium.remote.codec.w3c.W3CHttpResponseCodec.decode(W3CHttpResponseCodec.java:50)
at org.openqa.selenium.remote.HttpCommandExecutor.execute(HttpCommandExecutor.java:190)
at io.appium.java_client.remote.AppiumCommandExecutor.execute(AppiumCommandExecutor.java:237)
at org.openqa.selenium.remote.RemoteWebDriver.execute(RemoteWebDriver.java:545)
at org.openqa.selenium.remote.ElementLocation$ElementFinder$2.findElement(ElementLocation.java:165)
at org.openqa.selenium.remote.ElementLocation.findElement(ElementLocation.java:59)
at org.openqa.selenium.remote.RemoteWebDriver.findElement(RemoteWebDriver.java:368)
at org.openqa.selenium.remote.RemoteWebDriver.findElement(RemoteWebDriver.java:362)
at org.openqa.selenium.support.ui.ExpectedConditions$6.apply(ExpectedConditions.java:171)
at org.openqa.selenium.support.ui.ExpectedConditions$6.apply(ExpectedConditions.java:168)
at org.openqa.selenium.support.ui.FluentWait.until(FluentWait.java:203)
... 27 more
... Removed 28 stack frames]]>
    </failure>
  </testcase> <!-- invalid -->
  <testcase classname="Create_Store.SelectExisted_SubDomainTest" name="selectExisted" time="48.712"/>
  <testcase classname="Create_Store.SpaceStartEnd_StoreNameTest" name="spaceStartEnd" time="45.006"/>
  <testcase classname="Create_Store.Customize_SubDomainTest" name="customize" time="51.804"/>
  <testcase classname="Create_Store.SpaceStartEnd_BusinessTypeTest" name="maxLimit" time="47.902"/>
  <testcase classname="Create_Store.Empty_StoreNameTest" name="empty" time="44.63"/>
  <testcase classname="Create_Store.MissMatch_PINTest" name="missMatch" time="46.598"/>
  <testcase classname="Create_Store.ServiceProduct_CreateStoreTest" name="serviceProduct" time="64.746"/>
  <testcase classname="Create_Store.ServiceProduct_CreateStoreTest" name="delete" time="37.331"/>
  <testcase classname="Create_Store.Empty_TermsAndConditionsTest" name="product" time="52.155"/>
  <testcase classname="Create_Store.SpecialCharacters_StoreNameTest" name="specialCharacters" time="43.258"/>
  <testcase classname="Create_Store.Valid_StoreNameTest" name="valid" time="40.492"/>
  <testcase classname="Create_Store.Valid_NewPINTest" name="valid" time="34.977"/>
  <testcase classname="Create_Store.Service_CreateStoreTest" name="service" time="58.903">
    <failure type="org.openqa.selenium.TimeoutException" message="Expected condition failed: waiting for visibility of element located by By.xpath: //android.widget.TextView[@text=&amp;apos;Set Your PIN&amp;apos;] (tried for 15 second(s) with 500 milliseconds interval)
Build info: version: &amp;apos;4.27.0&amp;apos;, revision: &amp;apos;d6e718d134&amp;apos;
System info: os.name: &amp;apos;Windows 11&amp;apos;, os.arch: &amp;apos;amd64&amp;apos;, os.version: &amp;apos;10.0&amp;apos;, java.version: &amp;apos;21.0.7&amp;apos;
Driver info: io.appium.java_client.android.AndroidDriver
Capabilities {appium:appActivity: com.nextshopz.MainActivity, appium:appPackage: com.nextshopz, appium:automationName: UiAutomator2, appium:databaseEnabled: false, appium:desired: {appActivity: com.nextshopz.MainActivity, appPackage: com.nextshopz, automationName: UiAutomator2, deviceName: emulator-5556, platformName: ANDROID, platformVersion: 16, udid: emulator-5556}, appium:deviceApiLevel: 36, appium:deviceManufacturer: Google, appium:deviceModel: sdk_gphone64_x86_64, appium:deviceName: emulator-5556, appium:deviceScreenDensity: 420, appium:deviceScreenSize: 1080x2400, appium:deviceUDID: emulator-5556, appium:javascriptEnabled: true, appium:locationContextEnabled: false, appium:networkConnectionEnabled: true, appium:pixelRatio: 2.625, appium:platformVersion: 16, appium:statBarHeight: 63, appium:takesScreenshot: true, appium:udid: emulator-5556, appium:viewportRect: {height: 2337, left: 0, top: 63, width: 1080}, appium:warnings: {}, appium:webStorageEnabled: false, platformName: ANDROID}
Session ID: e3d4f1c3-ef2d-407d-b225-dc29bd6b5106">
      <![CDATA[org.openqa.selenium.TimeoutException: Expected condition failed: waiting for visibility of element located by By.xpath: //android.widget.TextView[@text='Set Your PIN'] (tried for 15 second(s) with 500 milliseconds interval)
Build info: version: '4.27.0', revision: 'd6e718d134'
System info: os.name: 'Windows 11', os.arch: 'amd64', os.version: '10.0', java.version: '21.0.7'
Driver info: io.appium.java_client.android.AndroidDriver
Capabilities {appium:appActivity: com.nextshopz.MainActivity, appium:appPackage: com.nextshopz, appium:automationName: UiAutomator2, appium:databaseEnabled: false, appium:desired: {appActivity: com.nextshopz.MainActivity, appPackage: com.nextshopz, automationName: UiAutomator2, deviceName: emulator-5556, platformName: ANDROID, platformVersion: 16, udid: emulator-5556}, appium:deviceApiLevel: 36, appium:deviceManufacturer: Google, appium:deviceModel: sdk_gphone64_x86_64, appium:deviceName: emulator-5556, appium:deviceScreenDensity: 420, appium:deviceScreenSize: 1080x2400, appium:deviceUDID: emulator-5556, appium:javascriptEnabled: true, appium:locationContextEnabled: false, appium:networkConnectionEnabled: true, appium:pixelRatio: 2.625, appium:platformVersion: 16, appium:statBarHeight: 63, appium:takesScreenshot: true, appium:udid: emulator-5556, appium:viewportRect: {height: 2337, left: 0, top: 63, width: 1080}, appium:warnings: {}, appium:webStorageEnabled: false, platformName: ANDROID}
Session ID: e3d4f1c3-ef2d-407d-b225-dc29bd6b5106
at org.openqa.selenium.support.ui.WebDriverWait.timeoutException(WebDriverWait.java:84)
at org.openqa.selenium.support.ui.FluentWait.until(FluentWait.java:228)
at Create_Store.Service_CreateStoreTest.service(Service_CreateStoreTest.java:36)
at java.base/java.util.ArrayList.forEach(ArrayList.java:1596)
... Removed 25 stack frames]]>
    </failure>
  </testcase> <!-- service -->
  <testcase classname="Create_Store.Service_CreateStoreTest" name="delete" time="0.0">
    <skipped/>
  </testcase> <!-- delete -->
  <testcase classname="Create_Store.MoreThanLimit_SubDomainTest" name="lessThanThree" time="66.821">
    <failure type="org.openqa.selenium.TimeoutException" message="Expected condition failed: waiting for presence of element located by: By.xpath: //android.widget.Toast[contains(@text,&amp;apos;Domain name must be between 5 and 30 characters.&amp;apos;)] (tried for 15 second(s) with 500 milliseconds interval)">
      <![CDATA[org.openqa.selenium.TimeoutException: Expected condition failed: waiting for presence of element located by: By.xpath: //android.widget.Toast[contains(@text,'Domain name must be between 5 and 30 characters.')] (tried for 15 second(s) with 500 milliseconds interval)
at org.openqa.selenium.support.ui.WebDriverWait.timeoutException(WebDriverWait.java:84)
at org.openqa.selenium.support.ui.FluentWait.until(FluentWait.java:228)
at Create_Store.MoreThanLimit_SubDomainTest.lessThanThree(MoreThanLimit_SubDomainTest.java:45)
at java.base/java.util.ArrayList.forEach(ArrayList.java:1596)
Caused by: org.openqa.selenium.NoSuchElementException: An element could not be located on the page using the given search parameters.
For documentation on this error, please visit: https://www.selenium.dev/documentation/webdriver/troubleshooting/errors#no-such-element-exception
Build info: version: '4.27.0', revision: 'd6e718d134'
System info: os.name: 'Windows 11', os.arch: 'amd64', os.version: '10.0', java.version: '21.0.7'
Driver info: io.appium.java_client.android.AndroidDriver
Command: [b38cb428-9944-40ed-abf9-afd1201dc3a5, findElement {using=xpath, value=//android.widget.Toast[contains(@text,'Domain name must be between 5 and 30 characters.')]}]
Capabilities {appium:appActivity: com.nextshopz.MainActivity, appium:appPackage: com.nextshopz, appium:automationName: UiAutomator2, appium:databaseEnabled: false, appium:desired: {appActivity: com.nextshopz.MainActivity, appPackage: com.nextshopz, automationName: UiAutomator2, deviceName: emulator-5556, platformName: ANDROID, platformVersion: 16, udid: emulator-5556}, appium:deviceApiLevel: 36, appium:deviceManufacturer: Google, appium:deviceModel: sdk_gphone64_x86_64, appium:deviceName: emulator-5556, appium:deviceScreenDensity: 420, appium:deviceScreenSize: 1080x2400, appium:deviceUDID: emulator-5556, appium:javascriptEnabled: true, appium:locationContextEnabled: false, appium:networkConnectionEnabled: true, appium:pixelRatio: 2.625, appium:platformVersion: 16, appium:statBarHeight: 63, appium:takesScreenshot: true, appium:udid: emulator-5556, appium:viewportRect: {height: 2337, left: 0, top: 63, width: 1080}, appium:warnings: {}, appium:webStorageEnabled: false, platformName: ANDROID}
Session ID: b38cb428-9944-40ed-abf9-afd1201dc3a5
at org.openqa.selenium.remote.ErrorCodec.decode(ErrorCodec.java:167)
at org.openqa.selenium.remote.codec.w3c.W3CHttpResponseCodec.decode(W3CHttpResponseCodec.java:138)
at org.openqa.selenium.remote.codec.w3c.W3CHttpResponseCodec.decode(W3CHttpResponseCodec.java:50)
at org.openqa.selenium.remote.HttpCommandExecutor.execute(HttpCommandExecutor.java:190)
at io.appium.java_client.remote.AppiumCommandExecutor.execute(AppiumCommandExecutor.java:237)
at org.openqa.selenium.remote.RemoteWebDriver.execute(RemoteWebDriver.java:545)
at org.openqa.selenium.remote.ElementLocation$ElementFinder$2.findElement(ElementLocation.java:165)
at org.openqa.selenium.remote.ElementLocation.findElement(ElementLocation.java:59)
at org.openqa.selenium.remote.RemoteWebDriver.findElement(RemoteWebDriver.java:368)
at org.openqa.selenium.remote.RemoteWebDriver.findElement(RemoteWebDriver.java:362)
at org.openqa.selenium.support.ui.ExpectedConditions$6.apply(ExpectedConditions.java:171)
at org.openqa.selenium.support.ui.ExpectedConditions$6.apply(ExpectedConditions.java:168)
at org.openqa.selenium.support.ui.FluentWait.until(FluentWait.java:203)
... 27 more
... Removed 28 stack frames]]>
    </failure>
  </testcase> <!-- lessThanThree -->
  <testcase classname="Create_Store.AlphaNumerics_OwnerNameTest" name="alphaNumeric" time="40.543"/>
  <testcase classname="Create_Store.SpecialCharacters_ConfirmPINTest" name="specialCharacters" time="37.28"/>
</testsuite> <!-- Test -->
